<?xml version="1.0" encoding="UTF-8"?>
<!-- Generated by org.testng.reporters.JUnitReportReporter -->
<testsuite skipped="0" hostname="Shavantha.local" name="MyPackage.OAuth2Ex" tests="2" failures="0" timestamp="2020-04-05T14:29:00 IST" time="4.994" errors="0">
  <testcase name="testMethod2" time="1.279" classname="MyPackage.OAuth2Ex"/>
  <system-out/>
  <testcase name="testMethod" time="3.715" classname="MyPackage.OAuth2Ex"/>
  <system-out/>
</testsuite> <!-- MyPackage.OAuth2Ex -->
