<?xml version="1.0" encoding="UTF-8"?>
<!-- Generated by org.testng.reporters.JUnitReportReporter -->
<testsuite skipped="0" hostname="Shavantha.local" name="selenium.test.TestDrpdownSorted" tests="1" failures="0" timestamp="2020-04-01T16:11:32 IST" time="3.057" errors="0">
  <testcase name="runTestOnDocker" time="3.057" classname="selenium.test.TestDrpdownSorted"/>
  <system-out/>
</testsuite> <!-- selenium.test.TestDrpdownSorted -->
