<?xml version="1.0" encoding="UTF-8"?>
<testsuite xmlns:xsi="http://www.w3.org/2001/XMLSchema-instance" xsi:noNamespaceSchemaLocation="https://maven.apache.org/surefire/maven-surefire-plugin/xsd/surefire-test-report.xsd" name="karate.APITest" time="0.574" tests="0" errors="0" skipped="0" failures="0">
  <properties>
    <property name="gopherProxySet" value="false"/>
    <property name="awt.toolkit" value="sun.lwawt.macosx.LWCToolkit"/>
    <property name="file.encoding.pkg" value="sun.io"/>
    <property name="java.specification.version" value="1.8"/>
    <property name="sun.cpu.isalist" value=""/>
    <property name="sun.jnu.encoding" value="UTF-8"/>
    <property name="java.class.path" value="/Users/shavanthaweerasinghe/projects/training/karate/target/test-classes:/Users/shavanthaweerasinghe/projects/training/karate/target/classes:/Users/shavanthaweerasinghe/.m2/repository/junit/junit/4.13/junit-4.13.jar:/Users/shavanthaweerasinghe/.m2/repository/org/hamcrest/hamcrest-core/1.3/hamcrest-core-1.3.jar:/Users/shavanthaweerasinghe/.m2/repository/org/testng/testng/7.1.0/testng-7.1.0.jar:/Users/shavanthaweerasinghe/.m2/repository/com/beust/jcommander/1.72/jcommander-1.72.jar:/Users/shavanthaweerasinghe/.m2/repository/com/google/inject/guice/4.1.0/guice-4.1.0-no_aop.jar:/Users/shavanthaweerasinghe/.m2/repository/javax/inject/javax.inject/1/javax.inject-1.jar:/Users/shavanthaweerasinghe/.m2/repository/aopalliance/aopalliance/1.0/aopalliance-1.0.jar:/Users/shavanthaweerasinghe/.m2/repository/com/google/guava/guava/19.0/guava-19.0.jar:/Users/shavanthaweerasinghe/.m2/repository/org/yaml/snakeyaml/1.21/snakeyaml-1.21.jar:/Users/shavanthaweerasinghe/.m2/repository/com/intuit/karate/karate-apache/0.9.5/karate-apache-0.9.5.jar:/Users/shavanthaweerasinghe/.m2/repository/com/intuit/karate/karate-core/0.9.5/karate-core-0.9.5.jar:/Users/shavanthaweerasinghe/.m2/repository/com/jayway/jsonpath/json-path/2.4.0/json-path-2.4.0.jar:/Users/shavanthaweerasinghe/.m2/repository/net/minidev/json-smart/2.3/json-smart-2.3.jar:/Users/shavanthaweerasinghe/.m2/repository/net/minidev/accessors-smart/1.2/accessors-smart-1.2.jar:/Users/shavanthaweerasinghe/.m2/repository/org/ow2/asm/asm/5.0.4/asm-5.0.4.jar:/Users/shavanthaweerasinghe/.m2/repository/info/cukes/cucumber-java/1.2.5/cucumber-java-1.2.5.jar:/Users/shavanthaweerasinghe/.m2/repository/info/cukes/cucumber-core/1.2.5/cucumber-core-1.2.5.jar:/Users/shavanthaweerasinghe/.m2/repository/de/siegmar/fastcsv/1.0.3/fastcsv-1.0.3.jar:/Users/shavanthaweerasinghe/.m2/repository/info/picocli/picocli/4.0.3/picocli-4.0.3.jar:/Users/shavanthaweerasinghe/.m2/repository/org/apache/httpcomponents/httpclient/4.5.11/httpclient-4.5.11.jar:/Users/shavanthaweerasinghe/.m2/repository/org/apache/httpcomponents/httpcore/4.4.13/httpcore-4.4.13.jar:/Users/shavanthaweerasinghe/.m2/repository/commons-codec/commons-codec/1.11/commons-codec-1.11.jar:/Users/shavanthaweerasinghe/.m2/repository/org/apache/httpcomponents/httpmime/4.5.11/httpmime-4.5.11.jar:/Users/shavanthaweerasinghe/.m2/repository/org/slf4j/jcl-over-slf4j/1.7.25/jcl-over-slf4j-1.7.25.jar:/Users/shavanthaweerasinghe/.m2/repository/org/slf4j/slf4j-api/1.7.25/slf4j-api-1.7.25.jar:/Users/shavanthaweerasinghe/.m2/repository/ch/qos/logback/logback-classic/1.2.3/logback-classic-1.2.3.jar:/Users/shavanthaweerasinghe/.m2/repository/ch/qos/logback/logback-core/1.2.3/logback-core-1.2.3.jar:/Users/shavanthaweerasinghe/.m2/repository/com/intuit/karate/karate-junit4/0.9.5/karate-junit4-0.9.5.jar:"/>
    <property name="java.vm.vendor" value="Oracle Corporation"/>
    <property name="sun.arch.data.model" value="64"/>
    <property name="java.vendor.url" value="http://java.oracle.com/"/>
    <property name="user.timezone" value=""/>
    <property name="java.vm.specification.version" value="1.8"/>
    <property name="os.name" value="Mac OS X"/>
    <property name="user.country" value="LK"/>
    <property name="sun.java.launcher" value="SUN_STANDARD"/>
    <property name="sun.boot.library.path" value="/Library/Java/JavaVirtualMachines/jdk1.8.0_221.jdk/Contents/Home/jre/lib"/>
    <property name="sun.java.command" value="/Users/shavanthaweerasinghe/projects/training/karate/target/surefire/surefirebooter6438303132831749641.jar /Users/shavanthaweerasinghe/projects/training/karate/target/surefire 2020-04-02T12-01-39_944-jvmRun1 surefire5585918824144444248tmp surefire_06299195158974856002tmp"/>
    <property name="surefire.test.class.path" value="/Users/shavanthaweerasinghe/projects/training/karate/target/test-classes:/Users/shavanthaweerasinghe/projects/training/karate/target/classes:/Users/shavanthaweerasinghe/.m2/repository/junit/junit/4.13/junit-4.13.jar:/Users/shavanthaweerasinghe/.m2/repository/org/hamcrest/hamcrest-core/1.3/hamcrest-core-1.3.jar:/Users/shavanthaweerasinghe/.m2/repository/org/testng/testng/7.1.0/testng-7.1.0.jar:/Users/shavanthaweerasinghe/.m2/repository/com/beust/jcommander/1.72/jcommander-1.72.jar:/Users/shavanthaweerasinghe/.m2/repository/com/google/inject/guice/4.1.0/guice-4.1.0-no_aop.jar:/Users/shavanthaweerasinghe/.m2/repository/javax/inject/javax.inject/1/javax.inject-1.jar:/Users/shavanthaweerasinghe/.m2/repository/aopalliance/aopalliance/1.0/aopalliance-1.0.jar:/Users/shavanthaweerasinghe/.m2/repository/com/google/guava/guava/19.0/guava-19.0.jar:/Users/shavanthaweerasinghe/.m2/repository/org/yaml/snakeyaml/1.21/snakeyaml-1.21.jar:/Users/shavanthaweerasinghe/.m2/repository/com/intuit/karate/karate-apache/0.9.5/karate-apache-0.9.5.jar:/Users/shavanthaweerasinghe/.m2/repository/com/intuit/karate/karate-core/0.9.5/karate-core-0.9.5.jar:/Users/shavanthaweerasinghe/.m2/repository/com/jayway/jsonpath/json-path/2.4.0/json-path-2.4.0.jar:/Users/shavanthaweerasinghe/.m2/repository/net/minidev/json-smart/2.3/json-smart-2.3.jar:/Users/shavanthaweerasinghe/.m2/repository/net/minidev/accessors-smart/1.2/accessors-smart-1.2.jar:/Users/shavanthaweerasinghe/.m2/repository/org/ow2/asm/asm/5.0.4/asm-5.0.4.jar:/Users/shavanthaweerasinghe/.m2/repository/info/cukes/cucumber-java/1.2.5/cucumber-java-1.2.5.jar:/Users/shavanthaweerasinghe/.m2/repository/info/cukes/cucumber-core/1.2.5/cucumber-core-1.2.5.jar:/Users/shavanthaweerasinghe/.m2/repository/de/siegmar/fastcsv/1.0.3/fastcsv-1.0.3.jar:/Users/shavanthaweerasinghe/.m2/repository/info/picocli/picocli/4.0.3/picocli-4.0.3.jar:/Users/shavanthaweerasinghe/.m2/repository/org/apache/httpcomponents/httpclient/4.5.11/httpclient-4.5.11.jar:/Users/shavanthaweerasinghe/.m2/repository/org/apache/httpcomponents/httpcore/4.4.13/httpcore-4.4.13.jar:/Users/shavanthaweerasinghe/.m2/repository/commons-codec/commons-codec/1.11/commons-codec-1.11.jar:/Users/shavanthaweerasinghe/.m2/repository/org/apache/httpcomponents/httpmime/4.5.11/httpmime-4.5.11.jar:/Users/shavanthaweerasinghe/.m2/repository/org/slf4j/jcl-over-slf4j/1.7.25/jcl-over-slf4j-1.7.25.jar:/Users/shavanthaweerasinghe/.m2/repository/org/slf4j/slf4j-api/1.7.25/slf4j-api-1.7.25.jar:/Users/shavanthaweerasinghe/.m2/repository/ch/qos/logback/logback-classic/1.2.3/logback-classic-1.2.3.jar:/Users/shavanthaweerasinghe/.m2/repository/ch/qos/logback/logback-core/1.2.3/logback-core-1.2.3.jar:/Users/shavanthaweerasinghe/.m2/repository/com/intuit/karate/karate-junit4/0.9.5/karate-junit4-0.9.5.jar:"/>
    <property name="sun.cpu.endian" value="little"/>
    <property name="user.home" value="/Users/shavanthaweerasinghe"/>
    <property name="user.language" value="en"/>
    <property name="java.specification.vendor" value="Oracle Corporation"/>
    <property name="java.home" value="/Library/Java/JavaVirtualMachines/jdk1.8.0_221.jdk/Contents/Home/jre"/>
    <property name="basedir" value="/Users/shavanthaweerasinghe/projects/training/karate"/>
    <property name="file.separator" value="/"/>
    <property name="line.separator" value="&#10;"/>
    <property name="java.vm.specification.vendor" value="Oracle Corporation"/>
    <property name="java.specification.name" value="Java Platform API Specification"/>
    <property name="java.awt.graphicsenv" value="sun.awt.CGraphicsEnvironment"/>
    <property name="surefire.real.class.path" value="/Users/shavanthaweerasinghe/projects/training/karate/target/surefire/surefirebooter6438303132831749641.jar"/>
    <property name="sun.boot.class.path" value="/Library/Java/JavaVirtualMachines/jdk1.8.0_221.jdk/Contents/Home/jre/lib/resources.jar:/Library/Java/JavaVirtualMachines/jdk1.8.0_221.jdk/Contents/Home/jre/lib/rt.jar:/Library/Java/JavaVirtualMachines/jdk1.8.0_221.jdk/Contents/Home/jre/lib/sunrsasign.jar:/Library/Java/JavaVirtualMachines/jdk1.8.0_221.jdk/Contents/Home/jre/lib/jsse.jar:/Library/Java/JavaVirtualMachines/jdk1.8.0_221.jdk/Contents/Home/jre/lib/jce.jar:/Library/Java/JavaVirtualMachines/jdk1.8.0_221.jdk/Contents/Home/jre/lib/charsets.jar:/Library/Java/JavaVirtualMachines/jdk1.8.0_221.jdk/Contents/Home/jre/lib/jfr.jar:/Library/Java/JavaVirtualMachines/jdk1.8.0_221.jdk/Contents/Home/jre/classes"/>
    <property name="sun.management.compiler" value="HotSpot 64-Bit Tiered Compilers"/>
    <property name="java.runtime.version" value="1.8.0_221-b11"/>
    <property name="user.name" value="shavanthaweerasinghe"/>
    <property name="path.separator" value=":"/>
    <property name="os.version" value="10.15.4"/>
    <property name="java.endorsed.dirs" value="/Library/Java/JavaVirtualMachines/jdk1.8.0_221.jdk/Contents/Home/jre/lib/endorsed"/>
    <property name="java.runtime.name" value="Java(TM) SE Runtime Environment"/>
    <property name="file.encoding" value="UTF-8"/>
    <property name="java.vm.name" value="Java HotSpot(TM) 64-Bit Server VM"/>
    <property name="localRepository" value="/Users/shavanthaweerasinghe/.m2/repository"/>
    <property name="java.vendor.url.bug" value="http://bugreport.sun.com/bugreport/"/>
    <property name="java.io.tmpdir" value="/var/folders/5z/m420r9c11s57rw1tmc3llm_00000gn/T/"/>
    <property name="java.version" value="1.8.0_221"/>
    <property name="user.dir" value="/Users/shavanthaweerasinghe/projects/training/karate"/>
    <property name="os.arch" value="x86_64"/>
    <property name="java.vm.specification.name" value="Java Virtual Machine Specification"/>
    <property name="java.awt.printerjob" value="sun.lwawt.macosx.CPrinterJob"/>
    <property name="sun.os.patch.level" value="unknown"/>
    <property name="java.library.path" value="/Users/shavanthaweerasinghe/Library/Java/Extensions:/Library/Java/Extensions:/Network/Library/Java/Extensions:/System/Library/Java/Extensions:/usr/lib/java:."/>
    <property name="java.vm.info" value="mixed mode"/>
    <property name="java.vendor" value="Oracle Corporation"/>
    <property name="java.vm.version" value="25.221-b11"/>
    <property name="java.ext.dirs" value="/Users/shavanthaweerasinghe/Library/Java/Extensions:/Library/Java/JavaVirtualMachines/jdk1.8.0_221.jdk/Contents/Home/jre/lib/ext:/Library/Java/Extensions:/Network/Library/Java/Extensions:/System/Library/Java/Extensions:/usr/lib/java"/>
    <property name="sun.io.unicode.encoding" value="UnicodeBig"/>
    <property name="java.class.version" value="52.0"/>
  </properties>
</testsuite>